0 info it worked if it ends with ok
1 verbose cli [ 'node', '/usr/local/bin/npm', 'publish' ]
2 info using npm@3.8.5
3 info using node@v0.10.35
4 verbose publish [ '.' ]
5 silly cache add args [ '.', null ]
6 verbose cache add spec .
7 silly cache add parsed spec { raw: '.',
7 silly cache add   scope: null,
7 silly cache add   name: null,
7 silly cache add   rawSpec: '.',
7 silly cache add   spec: '/Users/yao/WebstormProjects',
7 silly cache add   type: 'local' }
8 error addLocal Could not install /Users/yao/WebstormProjects
9 verbose stack Error: EISDIR, read
10 verbose cwd /Users/yao/WebstormProjects
11 error Darwin 14.5.0
12 error argv "node" "/usr/local/bin/npm" "publish"
13 error node v0.10.35
14 error npm  v3.8.5
15 error code EISDIR
16 error errno 28
17 error eisdir EISDIR, read
18 error eisdir This is most likely not a problem with npm itself
18 error eisdir and is related to npm not being able to find a package.json in
18 error eisdir a package you are trying to install.
19 verbose exit [ 28, true ]
