0 info it worked if it ends with ok
1 verbose cli [ 'node', '/usr/local/bin/npm', 'install', 'qiniu' ]
2 info using npm@3.8.5
3 info using node@v0.10.35
4 silly loadCurrentTree Starting
5 silly install loadCurrentTree
6 silly install readLocalPackageData
7 silly fetchPackageMetaData qiniu
8 silly fetchNamedPackageData qiniu
9 silly mapToRegistry name qiniu
10 silly mapToRegistry using default registry
11 silly mapToRegistry registry http://registry.cnpmjs.org/
12 silly mapToRegistry data { raw: 'qiniu',
12 silly mapToRegistry   scope: null,
12 silly mapToRegistry   name: 'qiniu',
12 silly mapToRegistry   rawSpec: '',
12 silly mapToRegistry   spec: 'latest',
12 silly mapToRegistry   type: 'tag' }
13 silly mapToRegistry uri http://registry.cnpmjs.org/qiniu
14 verbose request uri http://registry.cnpmjs.org/qiniu
15 verbose request no auth needed
16 info attempt registry request try #1 at 08:17:34
17 verbose request id 72a8fe1cc8a36c4b
18 http request GET http://registry.cnpmjs.org/qiniu
19 http 200 http://registry.cnpmjs.org/qiniu
20 verbose headers { server: 'nginx/1.4.6 (Ubuntu)',
20 verbose headers   date: 'Thu, 14 Jul 2016 00:17:34 GMT',
20 verbose headers   'content-type': 'application/json; charset=utf-8',
20 verbose headers   'transfer-encoding': 'chunked',
20 verbose headers   connection: 'keep-alive',
20 verbose headers   'x-readtime': '21',
20 verbose headers   'strict-transport-security': 'max-age=15768000',
20 verbose headers   'content-encoding': 'gzip' }
21 silly get cb [ 200,
21 silly get   { server: 'nginx/1.4.6 (Ubuntu)',
21 silly get     date: 'Thu, 14 Jul 2016 00:17:34 GMT',
21 silly get     'content-type': 'application/json; charset=utf-8',
21 silly get     'transfer-encoding': 'chunked',
21 silly get     connection: 'keep-alive',
21 silly get     'x-readtime': '21',
21 silly get     'strict-transport-security': 'max-age=15768000',
21 silly get     'content-encoding': 'gzip' } ]
22 verbose get saving qiniu to /Users/yao/.npm/registry.cnpmjs.org/qiniu/.cache.json
23 verbose correctMkdir /Users/yao/.npm correctMkdir not in flight; initializing
24 silly install normalizeTree
25 silly loadCurrentTree Finishing
26 silly loadIdealTree Starting
27 silly install loadIdealTree
28 silly cloneCurrentTree Starting
29 silly install cloneCurrentTreeToIdealTree
30 silly cloneCurrentTree Finishing
31 silly loadShrinkwrap Starting
32 silly install loadShrinkwrap
33 silly loadShrinkwrap Finishing
34 silly loadAllDepsIntoIdealTree Starting
35 silly install loadAllDepsIntoIdealTree
36 silly resolveWithNewModule qiniu@6.1.11 checking installable status
37 silly cache add args [ 'qiniu', null ]
38 verbose cache add spec qiniu
39 silly cache add parsed spec { raw: 'qiniu',
39 silly cache add   scope: null,
39 silly cache add   name: 'qiniu',
39 silly cache add   rawSpec: '',
39 silly cache add   spec: 'latest',
39 silly cache add   type: 'tag' }
40 silly addNamed qiniu@latest
41 verbose addNamed "latest" is being treated as a dist-tag for qiniu
42 info addNameTag [ 'qiniu', 'latest' ]
43 silly mapToRegistry name qiniu
44 silly mapToRegistry using default registry
45 silly mapToRegistry registry http://registry.cnpmjs.org/
46 silly mapToRegistry data { raw: 'qiniu',
46 silly mapToRegistry   scope: null,
46 silly mapToRegistry   name: 'qiniu',
46 silly mapToRegistry   rawSpec: '',
46 silly mapToRegistry   spec: 'latest',
46 silly mapToRegistry   type: 'tag' }
47 silly mapToRegistry uri http://registry.cnpmjs.org/qiniu
48 verbose addNameTag registry:http://registry.cnpmjs.org/qiniu not in flight; fetching
49 verbose get http://registry.cnpmjs.org/qiniu not expired, no request
50 silly addNameTag next cb for qiniu with tag latest
51 silly addNamed qiniu@6.1.11
52 verbose addNamed "6.1.11" is a plain semver version for qiniu
53 silly cache afterAdd qiniu@6.1.11
54 verbose afterAdd /Users/yao/.npm/qiniu/6.1.11/package/package.json not in flight; writing
55 verbose correctMkdir /Users/yao/.npm correctMkdir not in flight; initializing
56 verbose afterAdd /Users/yao/.npm/qiniu/6.1.11/package/package.json written
57 silly fetchNamedPackageData mime
58 silly mapToRegistry name mime
59 silly mapToRegistry using default registry
60 silly mapToRegistry registry http://registry.cnpmjs.org/
61 silly mapToRegistry data { raw: 'mime',
61 silly mapToRegistry   scope: null,
61 silly mapToRegistry   name: 'mime',
61 silly mapToRegistry   rawSpec: '',
61 silly mapToRegistry   spec: 'latest',
61 silly mapToRegistry   type: 'tag' }
62 silly mapToRegistry uri http://registry.cnpmjs.org/mime
63 verbose request uri http://registry.cnpmjs.org/mime
64 verbose request no auth needed
65 info attempt registry request try #1 at 08:17:35
66 http request GET http://registry.cnpmjs.org/mime
67 http 200 http://registry.cnpmjs.org/mime
68 verbose headers { server: 'nginx/1.4.6 (Ubuntu)',
68 verbose headers   date: 'Thu, 14 Jul 2016 00:17:35 GMT',
68 verbose headers   'content-type': 'application/json; charset=utf-8',
68 verbose headers   'transfer-encoding': 'chunked',
68 verbose headers   connection: 'keep-alive',
68 verbose headers   'x-readtime': '18',
68 verbose headers   'strict-transport-security': 'max-age=15768000',
68 verbose headers   'content-encoding': 'gzip' }
69 silly get cb [ 200,
69 silly get   { server: 'nginx/1.4.6 (Ubuntu)',
69 silly get     date: 'Thu, 14 Jul 2016 00:17:35 GMT',
69 silly get     'content-type': 'application/json; charset=utf-8',
69 silly get     'transfer-encoding': 'chunked',
69 silly get     connection: 'keep-alive',
69 silly get     'x-readtime': '18',
69 silly get     'strict-transport-security': 'max-age=15768000',
69 silly get     'content-encoding': 'gzip' } ]
70 verbose get saving mime to /Users/yao/.npm/registry.cnpmjs.org/mime/.cache.json
71 verbose correctMkdir /Users/yao/.npm correctMkdir not in flight; initializing
72 silly resolveWithNewModule mime@1.2.9 checking installable status
73 silly cache add args [ 'mime@1.2.9', null ]
74 verbose cache add spec mime@1.2.9
75 silly cache add parsed spec { raw: 'mime@1.2.9',
75 silly cache add   scope: null,
75 silly cache add   name: 'mime',
75 silly cache add   rawSpec: '1.2.9',
75 silly cache add   spec: '1.2.9',
75 silly cache add   type: 'version' }
76 silly addNamed mime@1.2.9
77 verbose addNamed "1.2.9" is a plain semver version for mime
78 silly mapToRegistry name mime
79 silly mapToRegistry using default registry
80 silly mapToRegistry registry http://registry.cnpmjs.org/
81 silly mapToRegistry data { raw: 'mime',
81 silly mapToRegistry   scope: null,
81 silly mapToRegistry   name: 'mime',
81 silly mapToRegistry   rawSpec: '',
81 silly mapToRegistry   spec: 'latest',
81 silly mapToRegistry   type: 'tag' }
82 silly mapToRegistry uri http://registry.cnpmjs.org/mime
83 verbose addNameVersion registry:http://registry.cnpmjs.org/mime not in flight; fetching
84 verbose get http://registry.cnpmjs.org/mime not expired, no request
85 silly cache afterAdd mime@1.2.9
86 verbose afterAdd /Users/yao/.npm/mime/1.2.9/package/package.json not in flight; writing
87 verbose correctMkdir /Users/yao/.npm correctMkdir not in flight; initializing
88 verbose afterAdd /Users/yao/.npm/mime/1.2.9/package/package.json written
89 silly loadAllDepsIntoIdealTree Finishing
90 silly idealTree:prePrune jk_backend@0.0.0
90 silly idealTree:prePrune ├── accepts@1.2.13
90 silly idealTree:prePrune ├── acorn-globals@1.0.9
90 silly idealTree:prePrune ├── acorn@2.7.0
90 silly idealTree:prePrune ├── align-text@0.1.4
90 silly idealTree:prePrune ├── amdefine@1.0.0
90 silly idealTree:prePrune ├── array-flatten@1.1.1
90 silly idealTree:prePrune ├── asap@1.0.0
90 silly idealTree:prePrune ├── async@0.2.10
90 silly idealTree:prePrune ├── basic-auth@1.0.4
90 silly idealTree:prePrune ├── bignumber.js@2.3.0
90 silly idealTree:prePrune ├── bluebird@3.4.1
90 silly idealTree:prePrune ├── body-parser@1.13.3
90 silly idealTree:prePrune ├── buffer-concat@0.0.1
90 silly idealTree:prePrune ├── busboy@0.2.13
90 silly idealTree:prePrune ├── bytes@2.1.0
90 silly idealTree:prePrune ├── camelcase@1.2.1
90 silly idealTree:prePrune ├── center-align@0.1.3
90 silly idealTree:prePrune ├── character-parser@1.2.1
90 silly idealTree:prePrune ├─┬ clean-css@3.4.13
90 silly idealTree:prePrune │ └── commander@2.8.1
90 silly idealTree:prePrune ├─┬ cliui@2.1.0
90 silly idealTree:prePrune │ └── wordwrap@0.0.2
90 silly idealTree:prePrune ├── commander@2.6.0
90 silly idealTree:prePrune ├── connect-busboy@0.0.2
90 silly idealTree:prePrune ├── consolidate@0.14.1
90 silly idealTree:prePrune ├── constantinople@3.0.2
90 silly idealTree:prePrune ├── content-disposition@0.5.1
90 silly idealTree:prePrune ├── content-type@1.0.2
90 silly idealTree:prePrune ├── cookie-parser@1.3.5
90 silly idealTree:prePrune ├── cookie-signature@1.0.6
90 silly idealTree:prePrune ├── cookie@0.1.3
90 silly idealTree:prePrune ├── core-util-is@1.0.2
90 silly idealTree:prePrune ├── crc32@0.2.2
90 silly idealTree:prePrune ├── css-parse@1.0.4
90 silly idealTree:prePrune ├── css-stringify@1.0.5
90 silly idealTree:prePrune ├── css@1.0.8
90 silly idealTree:prePrune ├── debug@2.2.0
90 silly idealTree:prePrune ├── decamelize@1.2.0
90 silly idealTree:prePrune ├── depd@1.0.1
90 silly idealTree:prePrune ├── destroy@1.0.4
90 silly idealTree:prePrune ├── dicer@0.2.5
90 silly idealTree:prePrune ├── ee-first@1.1.1
90 silly idealTree:prePrune ├── escape-html@1.0.3
90 silly idealTree:prePrune ├── etag@1.7.0
90 silly idealTree:prePrune ├─┬ express@4.13.4
90 silly idealTree:prePrune │ ├── cookie@0.1.5
90 silly idealTree:prePrune │ └── depd@1.1.0
90 silly idealTree:prePrune ├── finalhandler@0.4.1
90 silly idealTree:prePrune ├─┬ formstream@0.0.7
90 silly idealTree:prePrune │ └── mime@1.2.9
90 silly idealTree:prePrune ├── forwarded@0.1.0
90 silly idealTree:prePrune ├── fresh@0.3.0
90 silly idealTree:prePrune ├── graceful-readlink@1.0.1
90 silly idealTree:prePrune ├── http-errors@1.3.1
90 silly idealTree:prePrune ├── iconv-lite@0.4.11
90 silly idealTree:prePrune ├── inherits@2.0.1
90 silly idealTree:prePrune ├── ipaddr.js@1.0.5
90 silly idealTree:prePrune ├── is-buffer@1.1.3
90 silly idealTree:prePrune ├── is-promise@2.1.0
90 silly idealTree:prePrune ├── isarray@0.0.1
90 silly idealTree:prePrune ├── jade@1.11.0
90 silly idealTree:prePrune ├── jstransformer@0.0.2
90 silly idealTree:prePrune ├── kind-of@3.0.3
90 silly idealTree:prePrune ├── lazy-cache@1.0.4
90 silly idealTree:prePrune ├── longest@1.0.1
90 silly idealTree:prePrune ├── media-typer@0.3.0
90 silly idealTree:prePrune ├── merge-descriptors@1.0.1
90 silly idealTree:prePrune ├── methods@1.1.2
90 silly idealTree:prePrune ├── mime-db@1.23.0
90 silly idealTree:prePrune ├── mime-types@2.1.11
90 silly idealTree:prePrune ├── mime@1.3.4
90 silly idealTree:prePrune ├── minimist@0.0.8
90 silly idealTree:prePrune ├── mkdirp@0.5.1
90 silly idealTree:prePrune ├── morgan@1.6.1
90 silly idealTree:prePrune ├── ms@0.7.1
90 silly idealTree:prePrune ├── mysql@2.10.2
90 silly idealTree:prePrune ├── negotiator@0.5.3
90 silly idealTree:prePrune ├── on-finished@2.3.0
90 silly idealTree:prePrune ├── on-headers@1.0.1
90 silly idealTree:prePrune ├── optimist@0.3.7
90 silly idealTree:prePrune ├── parseurl@1.3.1
90 silly idealTree:prePrune ├── path-to-regexp@0.1.7
90 silly idealTree:prePrune ├── pause-stream@0.0.11
90 silly idealTree:prePrune ├── promise@6.1.0
90 silly idealTree:prePrune ├── proxy-addr@1.0.10
90 silly idealTree:prePrune ├─┬ qiniu@6.1.11
90 silly idealTree:prePrune │ └── mime@1.2.9
90 silly idealTree:prePrune ├── qs@4.0.0
90 silly idealTree:prePrune ├── range-parser@1.0.3
90 silly idealTree:prePrune ├─┬ raw-body@2.1.6
90 silly idealTree:prePrune │ ├── bytes@2.3.0
90 silly idealTree:prePrune │ └── iconv-lite@0.4.13
90 silly idealTree:prePrune ├── readable-stream@1.1.14
90 silly idealTree:prePrune ├── repeat-string@1.5.4
90 silly idealTree:prePrune ├── right-align@0.1.3
90 silly idealTree:prePrune ├─┬ send@0.13.1
90 silly idealTree:prePrune │ ├── depd@1.1.0
90 silly idealTree:prePrune │ └── statuses@1.2.1
90 silly idealTree:prePrune ├── serve-favicon@2.3.0
90 silly idealTree:prePrune ├─┬ serve-static@1.10.3
90 silly idealTree:prePrune │ ├── depd@1.1.0
90 silly idealTree:prePrune │ ├── send@0.13.2
90 silly idealTree:prePrune │ └── statuses@1.2.1
90 silly idealTree:prePrune ├── source-map@0.4.4
90 silly idealTree:prePrune ├── statuses@1.3.0
90 silly idealTree:prePrune ├── streamsearch@0.1.2
90 silly idealTree:prePrune ├── string_decoder@0.10.31
90 silly idealTree:prePrune ├── through@2.3.8
90 silly idealTree:prePrune ├─┬ transformers@2.1.0
90 silly idealTree:prePrune │ ├── is-promise@1.0.1
90 silly idealTree:prePrune │ ├── promise@2.0.0
90 silly idealTree:prePrune │ ├── source-map@0.1.43
90 silly idealTree:prePrune │ └── uglify-js@2.2.5
90 silly idealTree:prePrune ├── type-is@1.6.13
90 silly idealTree:prePrune ├─┬ uglify-js@2.6.2
90 silly idealTree:prePrune │ └── source-map@0.5.6
90 silly idealTree:prePrune ├── uglify-to-browserify@1.0.2
90 silly idealTree:prePrune ├── unpipe@1.0.0
90 silly idealTree:prePrune ├─┬ urllib@0.5.1
90 silly idealTree:prePrune │ └── debug@0.7.2
90 silly idealTree:prePrune ├── utils-merge@1.0.0
90 silly idealTree:prePrune ├── vary@1.0.1
90 silly idealTree:prePrune ├── void-elements@2.0.1
90 silly idealTree:prePrune ├── window-size@0.1.0
90 silly idealTree:prePrune ├─┬ with@4.0.3
90 silly idealTree:prePrune │ └── acorn@1.2.2
90 silly idealTree:prePrune ├── wordwrap@0.0.3
90 silly idealTree:prePrune └── yargs@3.10.0
91 silly loadIdealTree Finishing
92 silly currentTree jk_backend@0.0.0
92 silly currentTree ├── accepts@1.2.13
92 silly currentTree ├── acorn-globals@1.0.9
92 silly currentTree ├── acorn@2.7.0
92 silly currentTree ├── align-text@0.1.4
92 silly currentTree ├── amdefine@1.0.0
92 silly currentTree ├── array-flatten@1.1.1
92 silly currentTree ├── asap@1.0.0
92 silly currentTree ├── async@0.2.10
92 silly currentTree ├── basic-auth@1.0.4
92 silly currentTree ├── bignumber.js@2.3.0
92 silly currentTree ├── bluebird@3.4.1
92 silly currentTree ├── body-parser@1.13.3
92 silly currentTree ├── buffer-concat@0.0.1
92 silly currentTree ├── busboy@0.2.13
92 silly currentTree ├── bytes@2.1.0
92 silly currentTree ├── camelcase@1.2.1
92 silly currentTree ├── center-align@0.1.3
92 silly currentTree ├── character-parser@1.2.1
92 silly currentTree ├─┬ clean-css@3.4.13
92 silly currentTree │ └── commander@2.8.1
92 silly currentTree ├─┬ cliui@2.1.0
92 silly currentTree │ └── wordwrap@0.0.2
92 silly currentTree ├── commander@2.6.0
92 silly currentTree ├── connect-busboy@0.0.2
92 silly currentTree ├── consolidate@0.14.1
92 silly currentTree ├── constantinople@3.0.2
92 silly currentTree ├── content-disposition@0.5.1
92 silly currentTree ├── content-type@1.0.2
92 silly currentTree ├── cookie-parser@1.3.5
92 silly currentTree ├── cookie-signature@1.0.6
92 silly currentTree ├── cookie@0.1.3
92 silly currentTree ├── core-util-is@1.0.2
92 silly currentTree ├── crc32@0.2.2
92 silly currentTree ├── css-parse@1.0.4
92 silly currentTree ├── css-stringify@1.0.5
92 silly currentTree ├── css@1.0.8
92 silly currentTree ├── debug@2.2.0
92 silly currentTree ├── decamelize@1.2.0
92 silly currentTree ├── depd@1.0.1
92 silly currentTree ├── destroy@1.0.4
92 silly currentTree ├── dicer@0.2.5
92 silly currentTree ├── ee-first@1.1.1
92 silly currentTree ├── escape-html@1.0.3
92 silly currentTree ├── etag@1.7.0
92 silly currentTree ├─┬ express@4.13.4
92 silly currentTree │ ├── cookie@0.1.5
92 silly currentTree │ └── depd@1.1.0
92 silly currentTree ├── finalhandler@0.4.1
92 silly currentTree ├─┬ formstream@0.0.7
92 silly currentTree │ └── mime@1.2.9
92 silly currentTree ├── forwarded@0.1.0
92 silly currentTree ├── fresh@0.3.0
92 silly currentTree ├── graceful-readlink@1.0.1
92 silly currentTree ├── http-errors@1.3.1
92 silly currentTree ├── iconv-lite@0.4.11
92 silly currentTree ├── inherits@2.0.1
92 silly currentTree ├── ipaddr.js@1.0.5
92 silly currentTree ├── is-buffer@1.1.3
92 silly currentTree ├── is-promise@2.1.0
92 silly currentTree ├── isarray@0.0.1
92 silly currentTree ├── jade@1.11.0
92 silly currentTree ├── jstransformer@0.0.2
92 silly currentTree ├── kind-of@3.0.3
92 silly currentTree ├── lazy-cache@1.0.4
92 silly currentTree ├── longest@1.0.1
92 silly currentTree ├── media-typer@0.3.0
92 silly currentTree ├── merge-descriptors@1.0.1
92 silly currentTree ├── methods@1.1.2
92 silly currentTree ├── mime-db@1.23.0
92 silly currentTree ├── mime-types@2.1.11
92 silly currentTree ├── mime@1.3.4
92 silly currentTree ├── minimist@0.0.8
92 silly currentTree ├── mkdirp@0.5.1
92 silly currentTree ├── morgan@1.6.1
92 silly currentTree ├── ms@0.7.1
92 silly currentTree ├── mysql@2.10.2
92 silly currentTree ├── negotiator@0.5.3
92 silly currentTree ├── on-finished@2.3.0
92 silly currentTree ├── on-headers@1.0.1
92 silly currentTree ├── optimist@0.3.7
92 silly currentTree ├── parseurl@1.3.1
92 silly currentTree ├── path-to-regexp@0.1.7
92 silly currentTree ├── pause-stream@0.0.11
92 silly currentTree ├── promise@6.1.0
92 silly currentTree ├── proxy-addr@1.0.10
92 silly currentTree ├── qs@4.0.0
92 silly currentTree ├── range-parser@1.0.3
92 silly currentTree ├─┬ raw-body@2.1.6
92 silly currentTree │ ├── bytes@2.3.0
92 silly currentTree │ └── iconv-lite@0.4.13
92 silly currentTree ├── readable-stream@1.1.14
92 silly currentTree ├── repeat-string@1.5.4
92 silly currentTree ├── right-align@0.1.3
92 silly currentTree ├─┬ send@0.13.1
92 silly currentTree │ ├── depd@1.1.0
92 silly currentTree │ └── statuses@1.2.1
92 silly currentTree ├── serve-favicon@2.3.0
92 silly currentTree ├─┬ serve-static@1.10.3
92 silly currentTree │ ├── depd@1.1.0
92 silly currentTree │ ├── send@0.13.2
92 silly currentTree │ └── statuses@1.2.1
92 silly currentTree ├── source-map@0.4.4
92 silly currentTree ├── statuses@1.3.0
92 silly currentTree ├── streamsearch@0.1.2
92 silly currentTree ├── string_decoder@0.10.31
92 silly currentTree ├── through@2.3.8
92 silly currentTree ├─┬ transformers@2.1.0
92 silly currentTree │ ├── is-promise@1.0.1
92 silly currentTree │ ├── promise@2.0.0
92 silly currentTree │ ├── source-map@0.1.43
92 silly currentTree │ └── uglify-js@2.2.5
92 silly currentTree ├── type-is@1.6.13
92 silly currentTree ├─┬ uglify-js@2.6.2
92 silly currentTree │ └── source-map@0.5.6
92 silly currentTree ├── uglify-to-browserify@1.0.2
92 silly currentTree ├── unpipe@1.0.0
92 silly currentTree ├─┬ urllib@0.5.1
92 silly currentTree │ └── debug@0.7.2
92 silly currentTree ├── utils-merge@1.0.0
92 silly currentTree ├── vary@1.0.1
92 silly currentTree ├── void-elements@2.0.1
92 silly currentTree ├── window-size@0.1.0
92 silly currentTree ├─┬ with@4.0.3
92 silly currentTree │ └── acorn@1.2.2
92 silly currentTree ├── wordwrap@0.0.3
92 silly currentTree └── yargs@3.10.0
93 silly idealTree jk_backend@0.0.0
93 silly idealTree ├── accepts@1.2.13
93 silly idealTree ├── acorn-globals@1.0.9
93 silly idealTree ├── acorn@2.7.0
93 silly idealTree ├── align-text@0.1.4
93 silly idealTree ├── amdefine@1.0.0
93 silly idealTree ├── array-flatten@1.1.1
93 silly idealTree ├── asap@1.0.0
93 silly idealTree ├── async@0.2.10
93 silly idealTree ├── basic-auth@1.0.4
93 silly idealTree ├── bignumber.js@2.3.0
93 silly idealTree ├── bluebird@3.4.1
93 silly idealTree ├── body-parser@1.13.3
93 silly idealTree ├── buffer-concat@0.0.1
93 silly idealTree ├── busboy@0.2.13
93 silly idealTree ├── bytes@2.1.0
93 silly idealTree ├── camelcase@1.2.1
93 silly idealTree ├── center-align@0.1.3
93 silly idealTree ├── character-parser@1.2.1
93 silly idealTree ├─┬ clean-css@3.4.13
93 silly idealTree │ └── commander@2.8.1
93 silly idealTree ├─┬ cliui@2.1.0
93 silly idealTree │ └── wordwrap@0.0.2
93 silly idealTree ├── commander@2.6.0
93 silly idealTree ├── connect-busboy@0.0.2
93 silly idealTree ├── consolidate@0.14.1
93 silly idealTree ├── constantinople@3.0.2
93 silly idealTree ├── content-disposition@0.5.1
93 silly idealTree ├── content-type@1.0.2
93 silly idealTree ├── cookie-parser@1.3.5
93 silly idealTree ├── cookie-signature@1.0.6
93 silly idealTree ├── cookie@0.1.3
93 silly idealTree ├── core-util-is@1.0.2
93 silly idealTree ├── crc32@0.2.2
93 silly idealTree ├── css-parse@1.0.4
93 silly idealTree ├── css-stringify@1.0.5
93 silly idealTree ├── css@1.0.8
93 silly idealTree ├── debug@2.2.0
93 silly idealTree ├── decamelize@1.2.0
93 silly idealTree ├── depd@1.0.1
93 silly idealTree ├── destroy@1.0.4
93 silly idealTree ├── dicer@0.2.5
93 silly idealTree ├── ee-first@1.1.1
93 silly idealTree ├── escape-html@1.0.3
93 silly idealTree ├── etag@1.7.0
93 silly idealTree ├─┬ express@4.13.4
93 silly idealTree │ ├── cookie@0.1.5
93 silly idealTree │ └── depd@1.1.0
93 silly idealTree ├── finalhandler@0.4.1
93 silly idealTree ├─┬ formstream@0.0.7
93 silly idealTree │ └── mime@1.2.9
93 silly idealTree ├── forwarded@0.1.0
93 silly idealTree ├── fresh@0.3.0
93 silly idealTree ├── graceful-readlink@1.0.1
93 silly idealTree ├── http-errors@1.3.1
93 silly idealTree ├── iconv-lite@0.4.11
93 silly idealTree ├── inherits@2.0.1
93 silly idealTree ├── ipaddr.js@1.0.5
93 silly idealTree ├── is-buffer@1.1.3
93 silly idealTree ├── is-promise@2.1.0
93 silly idealTree ├── isarray@0.0.1
93 silly idealTree ├── jade@1.11.0
93 silly idealTree ├── jstransformer@0.0.2
93 silly idealTree ├── kind-of@3.0.3
93 silly idealTree ├── lazy-cache@1.0.4
93 silly idealTree ├── longest@1.0.1
93 silly idealTree ├── media-typer@0.3.0
93 silly idealTree ├── merge-descriptors@1.0.1
93 silly idealTree ├── methods@1.1.2
93 silly idealTree ├── mime-db@1.23.0
93 silly idealTree ├── mime-types@2.1.11
93 silly idealTree ├── mime@1.3.4
93 silly idealTree ├── minimist@0.0.8
93 silly idealTree ├── mkdirp@0.5.1
93 silly idealTree ├── morgan@1.6.1
93 silly idealTree ├── ms@0.7.1
93 silly idealTree ├── mysql@2.10.2
93 silly idealTree ├── negotiator@0.5.3
93 silly idealTree ├── on-finished@2.3.0
93 silly idealTree ├── on-headers@1.0.1
93 silly idealTree ├── optimist@0.3.7
93 silly idealTree ├── parseurl@1.3.1
93 silly idealTree ├── path-to-regexp@0.1.7
93 silly idealTree ├── pause-stream@0.0.11
93 silly idealTree ├── promise@6.1.0
93 silly idealTree ├── proxy-addr@1.0.10
93 silly idealTree ├─┬ qiniu@6.1.11
93 silly idealTree │ └── mime@1.2.9
93 silly idealTree ├── qs@4.0.0
93 silly idealTree ├── range-parser@1.0.3
93 silly idealTree ├─┬ raw-body@2.1.6
93 silly idealTree │ ├── bytes@2.3.0
93 silly idealTree │ └── iconv-lite@0.4.13
93 silly idealTree ├── readable-stream@1.1.14
93 silly idealTree ├── repeat-string@1.5.4
93 silly idealTree ├── right-align@0.1.3
93 silly idealTree ├─┬ send@0.13.1
93 silly idealTree │ ├── depd@1.1.0
93 silly idealTree │ └── statuses@1.2.1
93 silly idealTree ├── serve-favicon@2.3.0
93 silly idealTree ├─┬ serve-static@1.10.3
93 silly idealTree │ ├── depd@1.1.0
93 silly idealTree │ ├── send@0.13.2
93 silly idealTree │ └── statuses@1.2.1
93 silly idealTree ├── source-map@0.4.4
93 silly idealTree ├── statuses@1.3.0
93 silly idealTree ├── streamsearch@0.1.2
93 silly idealTree ├── string_decoder@0.10.31
93 silly idealTree ├── through@2.3.8
93 silly idealTree ├─┬ transformers@2.1.0
93 silly idealTree │ ├── is-promise@1.0.1
93 silly idealTree │ ├── promise@2.0.0
93 silly idealTree │ ├── source-map@0.1.43
93 silly idealTree │ └── uglify-js@2.2.5
93 silly idealTree ├── type-is@1.6.13
93 silly idealTree ├─┬ uglify-js@2.6.2
93 silly idealTree │ └── source-map@0.5.6
93 silly idealTree ├── uglify-to-browserify@1.0.2
93 silly idealTree ├── unpipe@1.0.0
93 silly idealTree ├─┬ urllib@0.5.1
93 silly idealTree │ └── debug@0.7.2
93 silly idealTree ├── utils-merge@1.0.0
93 silly idealTree ├── vary@1.0.1
93 silly idealTree ├── void-elements@2.0.1
93 silly idealTree ├── window-size@0.1.0
93 silly idealTree ├─┬ with@4.0.3
93 silly idealTree │ └── acorn@1.2.2
93 silly idealTree ├── wordwrap@0.0.3
93 silly idealTree └── yargs@3.10.0
94 silly generateActionsToTake Starting
95 silly install generateActionsToTake
96 silly generateActionsToTake Finishing
97 silly diffTrees action count 5
98 silly diffTrees add mime@1.2.9
99 silly diffTrees update connect-busboy@0.0.2
100 silly diffTrees update consolidate@0.14.1
101 silly diffTrees update mysql@2.10.2
102 silly diffTrees add qiniu@6.1.11
103 silly decomposeActions action count 40
104 silly decomposeActions fetch mime@1.2.9
105 silly decomposeActions extract mime@1.2.9
106 silly decomposeActions test mime@1.2.9
107 silly decomposeActions preinstall mime@1.2.9
108 silly decomposeActions build mime@1.2.9
109 silly decomposeActions install mime@1.2.9
110 silly decomposeActions postinstall mime@1.2.9
111 silly decomposeActions finalize mime@1.2.9
112 silly decomposeActions fetch connect-busboy@0.0.2
113 silly decomposeActions extract connect-busboy@0.0.2
114 silly decomposeActions test connect-busboy@0.0.2
115 silly decomposeActions preinstall connect-busboy@0.0.2
116 silly decomposeActions build connect-busboy@0.0.2
117 silly decomposeActions install connect-busboy@0.0.2
118 silly decomposeActions postinstall connect-busboy@0.0.2
119 silly decomposeActions finalize connect-busboy@0.0.2
120 silly decomposeActions fetch consolidate@0.14.1
121 silly decomposeActions extract consolidate@0.14.1
122 silly decomposeActions test consolidate@0.14.1
123 silly decomposeActions preinstall consolidate@0.14.1
124 silly decomposeActions build consolidate@0.14.1
125 silly decomposeActions install consolidate@0.14.1
126 silly decomposeActions postinstall consolidate@0.14.1
127 silly decomposeActions finalize consolidate@0.14.1
128 silly decomposeActions fetch mysql@2.10.2
129 silly decomposeActions extract mysql@2.10.2
130 silly decomposeActions test mysql@2.10.2
131 silly decomposeActions preinstall mysql@2.10.2
132 silly decomposeActions build mysql@2.10.2
133 silly decomposeActions install mysql@2.10.2
134 silly decomposeActions postinstall mysql@2.10.2
135 silly decomposeActions finalize mysql@2.10.2
136 silly decomposeActions fetch qiniu@6.1.11
137 silly decomposeActions extract qiniu@6.1.11
138 silly decomposeActions test qiniu@6.1.11
139 silly decomposeActions preinstall qiniu@6.1.11
140 silly decomposeActions build qiniu@6.1.11
141 silly decomposeActions install qiniu@6.1.11
142 silly decomposeActions postinstall qiniu@6.1.11
143 silly decomposeActions finalize qiniu@6.1.11
144 silly executeActions Starting
145 silly install executeActions
146 silly doSerial global-install 0
147 silly doParallel fetch 5
148 verbose correctMkdir /Users/yao/.npm/_locks correctMkdir not in flight; initializing
149 verbose lock using /Users/yao/.npm/_locks/staging-3a3fce62cba102ce.lock for /Users/yao/WebstormProjects/jk_backend/node_modules/.staging
150 silly doParallel extract 5
151 silly extract mime@1.2.9
152 silly extract connect-busboy@0.0.2
153 silly extract consolidate@0.14.1
154 silly extract mysql@2.10.2
155 silly extract qiniu@6.1.11
156 verbose unbuild node_modules/.staging/mime-950427e0
157 verbose unbuild node_modules/.staging/qiniu-c7a46812
158 verbose unbuild node_modules/.staging/consolidate-ae69261f
159 verbose unbuild node_modules/.staging/connect-busboy-169f987d
160 verbose unbuild node_modules/.staging/mysql-bde6c6cb
161 silly gentlyRm /Users/yao/WebstormProjects/jk_backend/node_modules/.staging/mime-950427e0 is being purged from base /Users/yao/WebstormProjects/jk_backend
162 verbose gentlyRm don't care about contents; nuking /Users/yao/WebstormProjects/jk_backend/node_modules/.staging/mime-950427e0
163 silly gentlyRm /Users/yao/WebstormProjects/jk_backend/node_modules/.staging/qiniu-c7a46812 is being purged from base /Users/yao/WebstormProjects/jk_backend
164 verbose gentlyRm don't care about contents; nuking /Users/yao/WebstormProjects/jk_backend/node_modules/.staging/qiniu-c7a46812
165 verbose tar unpack /Users/yao/.npm/mime/1.2.9/package.tgz
166 verbose tar unpacking to /Users/yao/WebstormProjects/jk_backend/node_modules/.staging/mime-950427e0
167 silly gentlyRm /Users/yao/WebstormProjects/jk_backend/node_modules/.staging/mime-950427e0 is being purged
168 verbose gentlyRm don't care about contents; nuking /Users/yao/WebstormProjects/jk_backend/node_modules/.staging/mime-950427e0
169 verbose tar unpack /Users/yao/.npm/qiniu/6.1.11/package.tgz
170 verbose tar unpacking to /Users/yao/WebstormProjects/jk_backend/node_modules/.staging/qiniu-c7a46812
171 silly gentlyRm /Users/yao/WebstormProjects/jk_backend/node_modules/.staging/qiniu-c7a46812 is being purged
172 verbose gentlyRm don't care about contents; nuking /Users/yao/WebstormProjects/jk_backend/node_modules/.staging/qiniu-c7a46812
173 silly gentlyRm /Users/yao/WebstormProjects/jk_backend/node_modules/.staging/consolidate-ae69261f is being purged from base /Users/yao/WebstormProjects/jk_backend
174 verbose gentlyRm don't care about contents; nuking /Users/yao/WebstormProjects/jk_backend/node_modules/.staging/consolidate-ae69261f
175 silly gentlyRm /Users/yao/WebstormProjects/jk_backend/node_modules/.staging/connect-busboy-169f987d is being purged from base /Users/yao/WebstormProjects/jk_backend
176 verbose gentlyRm don't care about contents; nuking /Users/yao/WebstormProjects/jk_backend/node_modules/.staging/connect-busboy-169f987d
177 silly gentlyRm /Users/yao/WebstormProjects/jk_backend/node_modules/.staging/mysql-bde6c6cb is being purged from base /Users/yao/WebstormProjects/jk_backend
178 verbose gentlyRm don't care about contents; nuking /Users/yao/WebstormProjects/jk_backend/node_modules/.staging/mysql-bde6c6cb
179 silly gunzTarPerm modes [ '755', '644' ]
180 silly gunzTarPerm modes [ '755', '644' ]
181 verbose tar unpack /Users/yao/.npm/consolidate/0.14.1/package.tgz
182 verbose tar unpacking to /Users/yao/WebstormProjects/jk_backend/node_modules/.staging/consolidate-ae69261f
183 silly gentlyRm /Users/yao/WebstormProjects/jk_backend/node_modules/.staging/consolidate-ae69261f is being purged
184 verbose gentlyRm don't care about contents; nuking /Users/yao/WebstormProjects/jk_backend/node_modules/.staging/consolidate-ae69261f
185 verbose tar unpack /Users/yao/.npm/connect-busboy/0.0.2/package.tgz
186 verbose tar unpacking to /Users/yao/WebstormProjects/jk_backend/node_modules/.staging/connect-busboy-169f987d
187 silly gentlyRm /Users/yao/WebstormProjects/jk_backend/node_modules/.staging/connect-busboy-169f987d is being purged
188 verbose gentlyRm don't care about contents; nuking /Users/yao/WebstormProjects/jk_backend/node_modules/.staging/connect-busboy-169f987d
189 verbose tar unpack /Users/yao/.npm/mysql/2.10.2/package.tgz
190 verbose tar unpacking to /Users/yao/WebstormProjects/jk_backend/node_modules/.staging/mysql-bde6c6cb
191 silly gentlyRm /Users/yao/WebstormProjects/jk_backend/node_modules/.staging/mysql-bde6c6cb is being purged
192 verbose gentlyRm don't care about contents; nuking /Users/yao/WebstormProjects/jk_backend/node_modules/.staging/mysql-bde6c6cb
193 silly gunzTarPerm modes [ '755', '644' ]
194 silly gunzTarPerm modes [ '755', '644' ]
195 silly gunzTarPerm modes [ '755', '644' ]
196 silly gunzTarPerm extractEntry package.json
197 silly gunzTarPerm extractEntry package.json
198 silly gunzTarPerm extractEntry package.json
199 silly gunzTarPerm extractEntry
200 silly gunzTarPerm modified mode [ '', 509, 493 ]
201 silly gunzTarPerm extractEntry package.json
202 silly gunzTarPerm extractEntry README.md
203 silly gunzTarPerm extractEntry LICENSE
204 silly gunzTarPerm extractEntry .npmignore
205 silly gunzTarPerm extractEntry README.md
206 silly gunzTarPerm extractEntry .npmignore
207 silly gunzTarPerm extractEntry index.js
208 silly gunzTarPerm extractEntry index.js
209 silly gunzTarPerm extractEntry Changes.md
210 silly gunzTarPerm extractEntry LICENSE
211 silly gunzTarPerm modified mode [ 'LICENSE', 436, 420 ]
212 silly gunzTarPerm extractEntry README.md
213 silly gunzTarPerm modified mode [ 'README.md', 436, 420 ]
214 silly gunzTarPerm extractEntry index.js
215 silly gunzTarPerm modified mode [ 'index.js', 436, 420 ]
216 silly gunzTarPerm extractEntry package.json
217 silly gunzTarPerm modified mode [ 'package.json', 436, 420 ]
218 silly gunzTarPerm extractEntry mime.js
219 silly gunzTarPerm extractEntry test.js
220 silly gunzTarPerm extractEntry types/mime.types
221 silly gunzTarPerm extractEntry types/node.types
222 silly gunzTarPerm extractEntry index.js
223 silly gunzTarPerm extractEntry CHANGELOG.md
224 silly gunzTarPerm extractEntry License
225 silly gunzTarPerm extractEntry Readme.md
226 silly gunzTarPerm extractEntry History.md
227 silly gunzTarPerm extractEntry gopher.png
228 silly gunzTarPerm extractEntry qiniu/conf.js
229 silly gunzTarPerm extractEntry Makefile
230 silly gunzTarPerm extractEntry Readme.md
231 silly gunzTarPerm extractEntry lib/Connection.js
232 silly gunzTarPerm extractEntry lib/consolidate.js
233 silly gunzTarPerm extractEntry .travis.yml
234 silly gunzTarPerm extractEntry qiniu/fop.js
235 silly gunzTarPerm extractEntry qiniu/io.js
236 silly gunzTarPerm extractEntry qiniu/rpc.js
237 silly gunzTarPerm extractEntry qiniu/rs.js
238 silly gunzTarPerm extractEntry qiniu/rsf.js
239 silly gentlyRm /Users/yao/WebstormProjects/jk_backend/node_modules/.staging/connect-busboy-169f987d/node_modules is being purged
240 verbose gentlyRm don't care about contents; nuking /Users/yao/WebstormProjects/jk_backend/node_modules/.staging/connect-busboy-169f987d/node_modules
241 silly gunzTarPerm extractEntry lib/ConnectionConfig.js
242 silly gunzTarPerm extractEntry lib/Pool.js
243 silly gunzTarPerm extractEntry qiniu/util.js
244 silly gunzTarPerm extractEntry qiniu/auth/digest.js
245 silly gunzTarPerm extractEntry lib/PoolCluster.js
246 silly gunzTarPerm extractEntry lib/PoolConfig.js
247 silly gunzTarPerm extractEntry lib/PoolConnection.js
248 silly gunzTarPerm extractEntry lib/PoolNamespace.js
249 silly gunzTarPerm extractEntry lib/PoolSelector.js
250 silly gentlyRm /Users/yao/WebstormProjects/jk_backend/node_modules/.staging/consolidate-ae69261f/node_modules is being purged
251 verbose gentlyRm don't care about contents; nuking /Users/yao/WebstormProjects/jk_backend/node_modules/.staging/consolidate-ae69261f/node_modules
252 silly gunzTarPerm extractEntry lib/protocol/Auth.js
253 silly gunzTarPerm extractEntry lib/protocol/PacketHeader.js
254 silly gentlyRm /Users/yao/WebstormProjects/jk_backend/node_modules/.staging/mime-950427e0/node_modules is being purged
255 verbose gentlyRm don't care about contents; nuking /Users/yao/WebstormProjects/jk_backend/node_modules/.staging/mime-950427e0/node_modules
256 silly gentlyRm /Users/yao/WebstormProjects/jk_backend/node_modules/.staging/qiniu-c7a46812/node_modules is being purged
257 verbose gentlyRm don't care about contents; nuking /Users/yao/WebstormProjects/jk_backend/node_modules/.staging/qiniu-c7a46812/node_modules
258 silly gunzTarPerm extractEntry lib/protocol/PacketWriter.js
259 silly gunzTarPerm extractEntry lib/protocol/Parser.js
260 silly gunzTarPerm extractEntry lib/protocol/Protocol.js
261 silly gunzTarPerm extractEntry lib/protocol/ResultSet.js
262 silly gunzTarPerm extractEntry lib/protocol/SqlString.js
263 silly gunzTarPerm extractEntry lib/protocol/constants/charsets.js
264 silly gunzTarPerm extractEntry lib/protocol/constants/client.js
265 silly gunzTarPerm extractEntry lib/protocol/constants/errors.js
266 silly gunzTarPerm extractEntry lib/protocol/constants/field_flags.js
267 silly gunzTarPerm extractEntry lib/protocol/constants/server_status.js
268 silly gunzTarPerm extractEntry lib/protocol/constants/ssl_profiles.js
269 silly gunzTarPerm extractEntry lib/protocol/constants/types.js
270 silly gunzTarPerm extractEntry lib/protocol/packets/ClientAuthenticationPacket.js
271 silly gunzTarPerm extractEntry lib/protocol/packets/EofPacket.js
272 silly gunzTarPerm extractEntry lib/protocol/packets/ErrorPacket.js
273 silly gunzTarPerm extractEntry lib/protocol/packets/Field.js
274 silly gunzTarPerm extractEntry lib/protocol/packets/EmptyPacket.js
275 silly gunzTarPerm extractEntry lib/protocol/packets/HandshakeInitializationPacket.js
276 silly gunzTarPerm extractEntry lib/protocol/packets/LocalDataFilePacket.js
277 silly gunzTarPerm extractEntry lib/protocol/packets/OkPacket.js
278 silly gunzTarPerm extractEntry lib/protocol/packets/OldPasswordPacket.js
279 silly gunzTarPerm extractEntry lib/protocol/packets/ResultSetHeaderPacket.js
280 silly gunzTarPerm extractEntry lib/protocol/packets/ComStatisticsPacket.js
281 silly gunzTarPerm extractEntry lib/protocol/packets/RowDataPacket.js
282 silly gunzTarPerm extractEntry lib/protocol/packets/ComQuitPacket.js
283 silly gunzTarPerm extractEntry lib/protocol/packets/SSLRequestPacket.js
284 silly gunzTarPerm extractEntry lib/protocol/packets/ComQueryPacket.js
285 silly gunzTarPerm extractEntry lib/protocol/packets/StatisticsPacket.js
286 silly gunzTarPerm extractEntry lib/protocol/packets/ComPingPacket.js
287 silly gunzTarPerm extractEntry lib/protocol/packets/UseOldPasswordPacket.js
288 silly gunzTarPerm extractEntry lib/protocol/packets/ComChangeUserPacket.js
289 silly gunzTarPerm extractEntry lib/protocol/packets/index.js
290 silly gunzTarPerm extractEntry lib/protocol/packets/FieldPacket.js
291 silly gunzTarPerm extractEntry lib/protocol/sequences/ChangeUser.js
292 silly gunzTarPerm extractEntry lib/protocol/sequences/Handshake.js
293 silly gunzTarPerm extractEntry lib/protocol/sequences/Ping.js
294 silly gunzTarPerm extractEntry lib/protocol/sequences/Query.js
295 silly gunzTarPerm extractEntry lib/protocol/sequences/Quit.js
296 silly gunzTarPerm extractEntry lib/protocol/sequences/Sequence.js
297 silly gunzTarPerm extractEntry lib/protocol/sequences/Statistics.js
298 silly gunzTarPerm extractEntry lib/protocol/sequences/index.js
299 silly gentlyRm /Users/yao/WebstormProjects/jk_backend/node_modules/.staging/mysql-bde6c6cb/node_modules is being purged
300 verbose gentlyRm don't care about contents; nuking /Users/yao/WebstormProjects/jk_backend/node_modules/.staging/mysql-bde6c6cb/node_modules
301 silly doParallel preinstall 5
302 silly preinstall mime@1.2.9 /Users/yao/WebstormProjects/jk_backend/node_modules/.staging/mime-950427e0
303 info lifecycle mime@1.2.9~preinstall: mime@1.2.9
304 silly preinstall connect-busboy@0.0.2 /Users/yao/WebstormProjects/jk_backend/node_modules/.staging/connect-busboy-169f987d
305 info lifecycle connect-busboy@0.0.2~preinstall: connect-busboy@0.0.2
306 silly preinstall consolidate@0.14.1 /Users/yao/WebstormProjects/jk_backend/node_modules/.staging/consolidate-ae69261f
307 info lifecycle consolidate@0.14.1~preinstall: consolidate@0.14.1
308 silly preinstall mysql@2.10.2 /Users/yao/WebstormProjects/jk_backend/node_modules/.staging/mysql-bde6c6cb
309 info lifecycle mysql@2.10.2~preinstall: mysql@2.10.2
310 silly preinstall qiniu@6.1.11 /Users/yao/WebstormProjects/jk_backend/node_modules/.staging/qiniu-c7a46812
311 info lifecycle qiniu@6.1.11~preinstall: qiniu@6.1.11
312 silly lifecycle mime@1.2.9~preinstall: no script for preinstall, continuing
313 silly lifecycle connect-busboy@0.0.2~preinstall: no script for preinstall, continuing
314 silly lifecycle consolidate@0.14.1~preinstall: no script for preinstall, continuing
315 silly lifecycle mysql@2.10.2~preinstall: no script for preinstall, continuing
316 silly lifecycle qiniu@6.1.11~preinstall: no script for preinstall, continuing
317 silly doReverseSerial remove 0
318 silly doSerial move 0
319 silly doSerial finalize 5
320 silly finalize /Users/yao/WebstormProjects/jk_backend/node_modules/qiniu/node_modules/mime
321 silly finalize /Users/yao/WebstormProjects/jk_backend/node_modules/connect-busboy
322 silly finalize /Users/yao/WebstormProjects/jk_backend/node_modules/consolidate
323 silly finalize /Users/yao/WebstormProjects/jk_backend/node_modules/mysql
324 silly finalize /Users/yao/WebstormProjects/jk_backend/node_modules/qiniu
325 verbose unlock done using /Users/yao/.npm/_locks/staging-3a3fce62cba102ce.lock for /Users/yao/WebstormProjects/jk_backend/node_modules/.staging
326 silly rollbackFailedOptional Starting
327 silly rollbackFailedOptional Finishing
328 silly runTopLevelLifecycles Starting
329 silly runTopLevelLifecycles Finishing
330 silly install printInstalled
331 verbose stack Error: ENOTEMPTY, rename '/Users/yao/WebstormProjects/jk_backend/node_modules/.qiniu.DELETE'
331 verbose stack     at moveAway (/usr/local/lib/node_modules/npm/lib/install/action/finalize.js:38:5)
331 verbose stack     at destStatted (/usr/local/lib/node_modules/npm/lib/install/action/finalize.js:27:7)
331 verbose stack     at Object.oncomplete (fs.js:108:15)
331 verbose stack
331 verbose stack Error: ENOTEMPTY, rename '/Users/yao/WebstormProjects/jk_backend/node_modules/.qiniu.DELETE'
332 verbose cwd /Users/yao/WebstormProjects/jk_backend
333 error Darwin 14.5.0
334 error argv "node" "/usr/local/bin/npm" "install" "qiniu"
335 error node v0.10.35
336 error npm  v3.8.5
337 error path /Users/yao/WebstormProjects/jk_backend/node_modules/.qiniu.DELETE
338 error code ENOTEMPTY
339 error errno 53
340 error ENOTEMPTY, rename '/Users/yao/WebstormProjects/jk_backend/node_modules/.qiniu.DELETE'
341 error If you need help, you may report this error at:
341 error     <https://github.com/npm/npm/issues>
342 verbose exit [ 53, true ]
